{"C:\\Users\\Asus\\Desktop\\V semestre\\asignaturas\\pruebas\\Corte3\\Parcial III\\backend-crud\\src\\index.js": {"path":"C:\\Users\\Asus\\Desktop\\V semestre\\asignaturas\\pruebas\\Corte3\\Parcial III\\backend-crud\\src\\index.js","statementMap":{"0":{"start":{"line":1,"column":16},"end":{"line":1,"column":34}},"1":{"start":{"line":2,"column":13},"end":{"line":2,"column":28}},"2":{"start":{"line":4,"column":12},"end":{"line":4,"column":21}},"3":{"start":{"line":6,"column":0},"end":{"line":6,"column":16}},"4":{"start":{"line":7,"column":0},"end":{"line":7,"column":24}},"5":{"start":{"line":9,"column":22},"end":{"line":9,"column":55}},"6":{"start":{"line":10,"column":23},"end":{"line":10,"column":57}},"7":{"start":{"line":12,"column":0},"end":{"line":12,"column":40}},"8":{"start":{"line":13,"column":0},"end":{"line":13,"column":43}},"9":{"start":{"line":16,"column":0},"end":{"line":18,"column":3}},"10":{"start":{"line":17,"column":2},"end":{"line":17,"column":60}},"11":{"start":{"line":21,"column":0},"end":{"line":21,"column":21}}},"fnMap":{"0":{"name":"(anonymous_0)","decl":{"start":{"line":16,"column":19},"end":{"line":16,"column":20}},"loc":{"start":{"line":16,"column":33},"end":{"line":18,"column":1}},"line":16}},"branchMap":{},"s":{"0":1,"1":1,"2":1,"3":1,"4":1,"5":1,"6":1,"7":1,"8":1,"9":1,"10":0,"11":1},"f":{"0":0},"b":{},"_coverageSchema":"1a1c01bbd47fc00a2c39e90264f33305004495a9","hash":"cd3d3871f48638c18f49822ee26d425249566abd"}
,"C:\\Users\\Asus\\Desktop\\V semestre\\asignaturas\\pruebas\\Corte3\\Parcial III\\backend-crud\\src\\controllers\\CategoryController.js": {"path":"C:\\Users\\Asus\\Desktop\\V semestre\\asignaturas\\pruebas\\Corte3\\Parcial III\\backend-crud\\src\\controllers\\CategoryController.js","statementMap":{"0":{"start":{"line":1,"column":17},"end":{"line":1,"column":46}},"1":{"start":{"line":3,"column":0},"end":{"line":11,"column":2}},"2":{"start":{"line":4,"column":2},"end":{"line":10,"column":3}},"3":{"start":{"line":5,"column":24},"end":{"line":5,"column":46}},"4":{"start":{"line":6,"column":18},"end":{"line":6,"column":42}},"5":{"start":{"line":7,"column":4},"end":{"line":7,"column":32}},"6":{"start":{"line":9,"column":4},"end":{"line":9,"column":49}},"7":{"start":{"line":13,"column":0},"end":{"line":20,"column":2}},"8":{"start":{"line":14,"column":2},"end":{"line":19,"column":3}},"9":{"start":{"line":15,"column":23},"end":{"line":15,"column":44}},"10":{"start":{"line":16,"column":4},"end":{"line":16,"column":25}},"11":{"start":{"line":18,"column":4},"end":{"line":18,"column":49}},"12":{"start":{"line":22,"column":0},"end":{"line":30,"column":2}},"13":{"start":{"line":23,"column":2},"end":{"line":29,"column":3}},"14":{"start":{"line":24,"column":21},"end":{"line":24,"column":59}},"15":{"start":{"line":25,"column":4},"end":{"line":25,"column":87}},"16":{"start":{"line":25,"column":19},"end":{"line":25,"column":87}},"17":{"start":{"line":26,"column":4},"end":{"line":26,"column":23}},"18":{"start":{"line":28,"column":4},"end":{"line":28,"column":49}},"19":{"start":{"line":32,"column":0},"end":{"line":39,"column":2}},"20":{"start":{"line":33,"column":2},"end":{"line":38,"column":3}},"21":{"start":{"line":34,"column":20},"end":{"line":34,"column":92}},"22":{"start":{"line":35,"column":4},"end":{"line":35,"column":22}},"23":{"start":{"line":37,"column":4},"end":{"line":37,"column":49}},"24":{"start":{"line":41,"column":0},"end":{"line":48,"column":2}},"25":{"start":{"line":42,"column":2},"end":{"line":47,"column":3}},"26":{"start":{"line":43,"column":4},"end":{"line":43,"column":52}},"27":{"start":{"line":44,"column":4},"end":{"line":44,"column":49}},"28":{"start":{"line":46,"column":4},"end":{"line":46,"column":49}}},"fnMap":{"0":{"name":"(anonymous_0)","decl":{"start":{"line":3,"column":25},"end":{"line":3,"column":26}},"loc":{"start":{"line":3,"column":45},"end":{"line":11,"column":1}},"line":3},"1":{"name":"(anonymous_1)","decl":{"start":{"line":13,"column":27},"end":{"line":13,"column":28}},"loc":{"start":{"line":13,"column":47},"end":{"line":20,"column":1}},"line":13},"2":{"name":"(anonymous_2)","decl":{"start":{"line":22,"column":26},"end":{"line":22,"column":27}},"loc":{"start":{"line":22,"column":46},"end":{"line":30,"column":1}},"line":22},"3":{"name":"(anonymous_3)","decl":{"start":{"line":32,"column":25},"end":{"line":32,"column":26}},"loc":{"start":{"line":32,"column":45},"end":{"line":39,"column":1}},"line":32},"4":{"name":"(anonymous_4)","decl":{"start":{"line":41,"column":25},"end":{"line":41,"column":26}},"loc":{"start":{"line":41,"column":45},"end":{"line":48,"column":1}},"line":41}},"branchMap":{"0":{"loc":{"start":{"line":25,"column":4},"end":{"line":25,"column":87}},"type":"if","locations":[{"start":{"line":25,"column":4},"end":{"line":25,"column":87}},{"start":{},"end":{}}],"line":25}},"s":{"0":1,"1":1,"2":0,"3":0,"4":0,"5":0,"6":0,"7":1,"8":0,"9":0,"10":0,"11":0,"12":1,"13":0,"14":0,"15":0,"16":0,"17":0,"18":0,"19":1,"20":0,"21":0,"22":0,"23":0,"24":1,"25":0,"26":0,"27":0,"28":0},"f":{"0":0,"1":0,"2":0,"3":0,"4":0},"b":{"0":[0,0]},"_coverageSchema":"1a1c01bbd47fc00a2c39e90264f33305004495a9","hash":"d193bbdb3b5a391efede343fc329197d5795a0bf"}
,"C:\\Users\\Asus\\Desktop\\V semestre\\asignaturas\\pruebas\\Corte3\\Parcial III\\backend-crud\\src\\controllers\\ProductController.js": {"path":"C:\\Users\\Asus\\Desktop\\V semestre\\asignaturas\\pruebas\\Corte3\\Parcial III\\backend-crud\\src\\controllers\\ProductController.js","statementMap":{"0":{"start":{"line":1,"column":16},"end":{"line":1,"column":44}},"1":{"start":{"line":4,"column":0},"end":{"line":12,"column":2}},"2":{"start":{"line":5,"column":2},"end":{"line":11,"column":3}},"3":{"start":{"line":6,"column":23},"end":{"line":6,"column":44}},"4":{"start":{"line":7,"column":18},"end":{"line":7,"column":41}},"5":{"start":{"line":8,"column":4},"end":{"line":8,"column":32}},"6":{"start":{"line":10,"column":4},"end":{"line":10,"column":49}},"7":{"start":{"line":15,"column":0},"end":{"line":22,"column":2}},"8":{"start":{"line":16,"column":2},"end":{"line":21,"column":3}},"9":{"start":{"line":17,"column":21},"end":{"line":17,"column":41}},"10":{"start":{"line":18,"column":4},"end":{"line":18,"column":23}},"11":{"start":{"line":20,"column":4},"end":{"line":20,"column":49}},"12":{"start":{"line":25,"column":0},"end":{"line":33,"column":2}},"13":{"start":{"line":26,"column":2},"end":{"line":32,"column":3}},"14":{"start":{"line":27,"column":20},"end":{"line":27,"column":57}},"15":{"start":{"line":28,"column":4},"end":{"line":28,"column":76}},"16":{"start":{"line":28,"column":18},"end":{"line":28,"column":76}},"17":{"start":{"line":29,"column":4},"end":{"line":29,"column":22}},"18":{"start":{"line":31,"column":4},"end":{"line":31,"column":49}},"19":{"start":{"line":36,"column":0},"end":{"line":43,"column":2}},"20":{"start":{"line":37,"column":2},"end":{"line":42,"column":3}},"21":{"start":{"line":38,"column":20},"end":{"line":38,"column":91}},"22":{"start":{"line":39,"column":4},"end":{"line":39,"column":22}},"23":{"start":{"line":41,"column":4},"end":{"line":41,"column":49}},"24":{"start":{"line":46,"column":0},"end":{"line":53,"column":2}},"25":{"start":{"line":47,"column":2},"end":{"line":52,"column":3}},"26":{"start":{"line":48,"column":4},"end":{"line":48,"column":51}},"27":{"start":{"line":49,"column":4},"end":{"line":49,"column":48}},"28":{"start":{"line":51,"column":4},"end":{"line":51,"column":49}},"29":{"start":{"line":55,"column":0},"end":{"line":62,"column":2}},"30":{"start":{"line":56,"column":2},"end":{"line":61,"column":3}},"31":{"start":{"line":57,"column":21},"end":{"line":57,"column":63}},"32":{"start":{"line":58,"column":4},"end":{"line":58,"column":23}},"33":{"start":{"line":60,"column":4},"end":{"line":60,"column":49}},"34":{"start":{"line":65,"column":0},"end":{"line":83,"column":2}},"35":{"start":{"line":66,"column":21},"end":{"line":66,"column":29}},"36":{"start":{"line":68,"column":2},"end":{"line":70,"column":3}},"37":{"start":{"line":69,"column":4},"end":{"line":69,"column":77}},"38":{"start":{"line":72,"column":2},"end":{"line":82,"column":3}},"39":{"start":{"line":73,"column":20},"end":{"line":77,"column":5}},"40":{"start":{"line":78,"column":4},"end":{"line":78,"column":83}},"41":{"start":{"line":78,"column":18},"end":{"line":78,"column":83}},"42":{"start":{"line":79,"column":4},"end":{"line":79,"column":22}},"43":{"start":{"line":81,"column":4},"end":{"line":81,"column":49}},"44":{"start":{"line":86,"column":0},"end":{"line":107,"column":2}},"45":{"start":{"line":87,"column":21},"end":{"line":87,"column":29}},"46":{"start":{"line":89,"column":2},"end":{"line":91,"column":3}},"47":{"start":{"line":90,"column":4},"end":{"line":90,"column":77}},"48":{"start":{"line":93,"column":2},"end":{"line":106,"column":3}},"49":{"start":{"line":94,"column":20},"end":{"line":94,"column":57}},"50":{"start":{"line":95,"column":4},"end":{"line":95,"column":83}},"51":{"start":{"line":95,"column":18},"end":{"line":95,"column":83}},"52":{"start":{"line":97,"column":4},"end":{"line":99,"column":5}},"53":{"start":{"line":98,"column":6},"end":{"line":98,"column":67}},"54":{"start":{"line":101,"column":4},"end":{"line":101,"column":28}},"55":{"start":{"line":102,"column":4},"end":{"line":102,"column":25}},"56":{"start":{"line":103,"column":4},"end":{"line":103,"column":22}},"57":{"start":{"line":105,"column":4},"end":{"line":105,"column":49}}},"fnMap":{"0":{"name":"(anonymous_0)","decl":{"start":{"line":4,"column":24},"end":{"line":4,"column":25}},"loc":{"start":{"line":4,"column":44},"end":{"line":12,"column":1}},"line":4},"1":{"name":"(anonymous_1)","decl":{"start":{"line":15,"column":25},"end":{"line":15,"column":26}},"loc":{"start":{"line":15,"column":45},"end":{"line":22,"column":1}},"line":15},"2":{"name":"(anonymous_2)","decl":{"start":{"line":25,"column":25},"end":{"line":25,"column":26}},"loc":{"start":{"line":25,"column":45},"end":{"line":33,"column":1}},"line":25},"3":{"name":"(anonymous_3)","decl":{"start":{"line":36,"column":24},"end":{"line":36,"column":25}},"loc":{"start":{"line":36,"column":44},"end":{"line":43,"column":1}},"line":36},"4":{"name":"(anonymous_4)","decl":{"start":{"line":46,"column":24},"end":{"line":46,"column":25}},"loc":{"start":{"line":46,"column":44},"end":{"line":53,"column":1}},"line":46},"5":{"name":"(anonymous_5)","decl":{"start":{"line":55,"column":30},"end":{"line":55,"column":31}},"loc":{"start":{"line":55,"column":50},"end":{"line":62,"column":1}},"line":55},"6":{"name":"(anonymous_6)","decl":{"start":{"line":65,"column":24},"end":{"line":65,"column":25}},"loc":{"start":{"line":65,"column":44},"end":{"line":83,"column":1}},"line":65},"7":{"name":"(anonymous_7)","decl":{"start":{"line":86,"column":24},"end":{"line":86,"column":25}},"loc":{"start":{"line":86,"column":44},"end":{"line":107,"column":1}},"line":86}},"branchMap":{"0":{"loc":{"start":{"line":28,"column":4},"end":{"line":28,"column":76}},"type":"if","locations":[{"start":{"line":28,"column":4},"end":{"line":28,"column":76}},{"start":{},"end":{}}],"line":28},"1":{"loc":{"start":{"line":68,"column":2},"end":{"line":70,"column":3}},"type":"if","locations":[{"start":{"line":68,"column":2},"end":{"line":70,"column":3}},{"start":{},"end":{}}],"line":68},"2":{"loc":{"start":{"line":68,"column":6},"end":{"line":68,"column":28}},"type":"binary-expr","locations":[{"start":{"line":68,"column":6},"end":{"line":68,"column":13}},{"start":{"line":68,"column":17},"end":{"line":68,"column":28}}],"line":68},"3":{"loc":{"start":{"line":78,"column":4},"end":{"line":78,"column":83}},"type":"if","locations":[{"start":{"line":78,"column":4},"end":{"line":78,"column":83}},{"start":{},"end":{}}],"line":78},"4":{"loc":{"start":{"line":89,"column":2},"end":{"line":91,"column":3}},"type":"if","locations":[{"start":{"line":89,"column":2},"end":{"line":91,"column":3}},{"start":{},"end":{}}],"line":89},"5":{"loc":{"start":{"line":89,"column":6},"end":{"line":89,"column":28}},"type":"binary-expr","locations":[{"start":{"line":89,"column":6},"end":{"line":89,"column":13}},{"start":{"line":89,"column":17},"end":{"line":89,"column":28}}],"line":89},"6":{"loc":{"start":{"line":95,"column":4},"end":{"line":95,"column":83}},"type":"if","locations":[{"start":{"line":95,"column":4},"end":{"line":95,"column":83}},{"start":{},"end":{}}],"line":95},"7":{"loc":{"start":{"line":97,"column":4},"end":{"line":99,"column":5}},"type":"if","locations":[{"start":{"line":97,"column":4},"end":{"line":99,"column":5}},{"start":{},"end":{}}],"line":97}},"s":{"0":1,"1":1,"2":1,"3":1,"4":1,"5":1,"6":0,"7":1,"8":1,"9":1,"10":1,"11":0,"12":1,"13":0,"14":0,"15":0,"16":0,"17":0,"18":0,"19":1,"20":0,"21":0,"22":0,"23":0,"24":1,"25":0,"26":0,"27":0,"28":0,"29":1,"30":0,"31":0,"32":0,"33":0,"34":1,"35":1,"36":1,"37":0,"38":1,"39":1,"40":1,"41":0,"42":1,"43":0,"44":1,"45":0,"46":0,"47":0,"48":0,"49":0,"50":0,"51":0,"52":0,"53":0,"54":0,"55":0,"56":0,"57":0},"f":{"0":1,"1":1,"2":0,"3":0,"4":0,"5":0,"6":1,"7":0},"b":{"0":[0,0],"1":[0,1],"2":[1,1],"3":[0,1],"4":[0,0],"5":[0,0],"6":[0,0],"7":[0,0]},"_coverageSchema":"1a1c01bbd47fc00a2c39e90264f33305004495a9","hash":"47e9680738bc86e560eb95cab24265ea866818ed"}
,"C:\\Users\\Asus\\Desktop\\V semestre\\asignaturas\\pruebas\\Corte3\\Parcial III\\backend-crud\\src\\models\\Category.js": {"path":"C:\\Users\\Asus\\Desktop\\V semestre\\asignaturas\\pruebas\\Corte3\\Parcial III\\backend-crud\\src\\models\\Category.js","statementMap":{"0":{"start":{"line":1,"column":17},"end":{"line":1,"column":36}},"1":{"start":{"line":3,"column":23},"end":{"line":8,"column":2}},"2":{"start":{"line":10,"column":0},"end":{"line":10,"column":60}}},"fnMap":{},"branchMap":{},"s":{"0":1,"1":1,"2":1},"f":{},"b":{},"_coverageSchema":"1a1c01bbd47fc00a2c39e90264f33305004495a9","hash":"9140a90ce2ac4d9a9ebb3f89c7f80ac5bf54c34b"}
,"C:\\Users\\Asus\\Desktop\\V semestre\\asignaturas\\pruebas\\Corte3\\Parcial III\\backend-crud\\src\\models\\Product.js": {"path":"C:\\Users\\Asus\\Desktop\\V semestre\\asignaturas\\pruebas\\Corte3\\Parcial III\\backend-crud\\src\\models\\Product.js","statementMap":{"0":{"start":{"line":1,"column":17},"end":{"line":1,"column":36}},"1":{"start":{"line":3,"column":22},"end":{"line":24,"column":2}},"2":{"start":{"line":26,"column":0},"end":{"line":26,"column":58}}},"fnMap":{},"branchMap":{},"s":{"0":3,"1":3,"2":3},"f":{},"b":{},"_coverageSchema":"1a1c01bbd47fc00a2c39e90264f33305004495a9","hash":"b4dd5d1bbf86402e4cf24c658b307796c32ad0b8"}
,"C:\\Users\\Asus\\Desktop\\V semestre\\asignaturas\\pruebas\\Corte3\\Parcial III\\backend-crud\\src\\routes\\ProductRoutes.js": {"path":"C:\\Users\\Asus\\Desktop\\V semestre\\asignaturas\\pruebas\\Corte3\\Parcial III\\backend-crud\\src\\routes\\ProductRoutes.js","statementMap":{"0":{"start":{"line":1,"column":16},"end":{"line":1,"column":34}},"1":{"start":{"line":2,"column":15},"end":{"line":2,"column":31}},"2":{"start":{"line":3,"column":26},"end":{"line":3,"column":69}},"3":{"start":{"line":5,"column":0},"end":{"line":5,"column":50}},"4":{"start":{"line":6,"column":0},"end":{"line":6,"column":50}},"5":{"start":{"line":7,"column":0},"end":{"line":7,"column":64}},"6":{"start":{"line":8,"column":0},"end":{"line":8,"column":53}},"7":{"start":{"line":9,"column":0},"end":{"line":9,"column":52}},"8":{"start":{"line":10,"column":0},"end":{"line":10,"column":55}},"9":{"start":{"line":11,"column":0},"end":{"line":11,"column":62}},"10":{"start":{"line":12,"column":0},"end":{"line":12,"column":63}},"11":{"start":{"line":14,"column":0},"end":{"line":14,"column":24}}},"fnMap":{},"branchMap":{},"s":{"0":1,"1":1,"2":1,"3":1,"4":1,"5":1,"6":1,"7":1,"8":1,"9":1,"10":1,"11":1},"f":{},"b":{},"_coverageSchema":"1a1c01bbd47fc00a2c39e90264f33305004495a9","hash":"e6b1ff3e8c0b6b878a6a15aba57401aecfd17120"}
,"C:\\Users\\Asus\\Desktop\\V semestre\\asignaturas\\pruebas\\Corte3\\Parcial III\\backend-crud\\src\\routes\\categoryRoutes.js": {"path":"C:\\Users\\Asus\\Desktop\\V semestre\\asignaturas\\pruebas\\Corte3\\Parcial III\\backend-crud\\src\\routes\\categoryRoutes.js","statementMap":{"0":{"start":{"line":1,"column":16},"end":{"line":1,"column":34}},"1":{"start":{"line":2,"column":15},"end":{"line":2,"column":31}},"2":{"start":{"line":3,"column":27},"end":{"line":3,"column":71}},"3":{"start":{"line":5,"column":0},"end":{"line":5,"column":52}},"4":{"start":{"line":6,"column":0},"end":{"line":6,"column":53}},"5":{"start":{"line":7,"column":0},"end":{"line":7,"column":55}},"6":{"start":{"line":8,"column":0},"end":{"line":8,"column":54}},"7":{"start":{"line":9,"column":0},"end":{"line":9,"column":57}},"8":{"start":{"line":11,"column":0},"end":{"line":11,"column":24}}},"fnMap":{},"branchMap":{},"s":{"0":1,"1":1,"2":1,"3":1,"4":1,"5":1,"6":1,"7":1,"8":1},"f":{},"b":{},"_coverageSchema":"1a1c01bbd47fc00a2c39e90264f33305004495a9","hash":"bd63c6ad9eec4c40fc1243953f07ee38cbc30f94"}
}
