TN:
SF:src\index.js
FN:16,(anonymous_0)
FNF:1
FNH:0
FNDA:0,(anonymous_0)
DA:1,1
DA:2,1
DA:4,1
DA:6,1
DA:7,1
DA:9,1
DA:10,1
DA:12,1
DA:13,1
DA:16,1
DA:17,0
DA:21,1
LF:12
LH:11
BRF:0
BRH:0
end_of_record
TN:
SF:src\controllers\CategoryController.js
FN:3,(anonymous_0)
FN:13,(anonymous_1)
FN:22,(anonymous_2)
FN:32,(anonymous_3)
FN:41,(anonymous_4)
FNF:5
FNH:0
FNDA:0,(anonymous_0)
FNDA:0,(anonymous_1)
FNDA:0,(anonymous_2)
FNDA:0,(anonymous_3)
FNDA:0,(anonymous_4)
DA:1,1
DA:3,1
DA:4,0
DA:5,0
DA:6,0
DA:7,0
DA:9,0
DA:13,1
DA:14,0
DA:15,0
DA:16,0
DA:18,0
DA:22,1
DA:23,0
DA:24,0
DA:25,0
DA:26,0
DA:28,0
DA:32,1
DA:33,0
DA:34,0
DA:35,0
DA:37,0
DA:41,1
DA:42,0
DA:43,0
DA:44,0
DA:46,0
LF:28
LH:6
BRDA:25,0,0,0
BRDA:25,0,1,0
BRF:2
BRH:0
end_of_record
TN:
SF:src\controllers\ProductController.js
FN:4,(anonymous_0)
FN:15,(anonymous_1)
FN:25,(anonymous_2)
FN:36,(anonymous_3)
FN:46,(anonymous_4)
FN:55,(anonymous_5)
FN:65,(anonymous_6)
FN:86,(anonymous_7)
FNF:8
FNH:3
FNDA:1,(anonymous_0)
FNDA:1,(anonymous_1)
FNDA:0,(anonymous_2)
FNDA:0,(anonymous_3)
FNDA:0,(anonymous_4)
FNDA:0,(anonymous_5)
FNDA:1,(anonymous_6)
FNDA:0,(anonymous_7)
DA:1,1
DA:4,1
DA:5,1
DA:6,1
DA:7,1
DA:8,1
DA:10,0
DA:15,1
DA:16,1
DA:17,1
DA:18,1
DA:20,0
DA:25,1
DA:26,0
DA:27,0
DA:28,0
DA:29,0
DA:31,0
DA:36,1
DA:37,0
DA:38,0
DA:39,0
DA:41,0
DA:46,1
DA:47,0
DA:48,0
DA:49,0
DA:51,0
DA:55,1
DA:56,0
DA:57,0
DA:58,0
DA:60,0
DA:65,1
DA:66,1
DA:68,1
DA:69,0
DA:72,1
DA:73,1
DA:78,1
DA:79,1
DA:81,0
DA:86,1
DA:87,0
DA:89,0
DA:90,0
DA:93,0
DA:94,0
DA:95,0
DA:97,0
DA:98,0
DA:101,0
DA:102,0
DA:103,0
DA:105,0
LF:55
LH:22
BRDA:28,0,0,0
BRDA:28,0,1,0
BRDA:68,1,0,0
BRDA:68,1,1,1
BRDA:68,2,0,1
BRDA:68,2,1,1
BRDA:78,3,0,0
BRDA:78,3,1,1
BRDA:89,4,0,0
BRDA:89,4,1,0
BRDA:89,5,0,0
BRDA:89,5,1,0
BRDA:95,6,0,0
BRDA:95,6,1,0
BRDA:97,7,0,0
BRDA:97,7,1,0
BRF:16
BRH:4
end_of_record
TN:
SF:src\models\Category.js
FNF:0
FNH:0
DA:1,1
DA:3,1
DA:10,1
LF:3
LH:3
BRF:0
BRH:0
end_of_record
TN:
SF:src\models\Product.js
FNF:0
FNH:0
DA:1,3
DA:3,3
DA:26,3
LF:3
LH:3
BRF:0
BRH:0
end_of_record
TN:
SF:src\routes\ProductRoutes.js
FNF:0
FNH:0
DA:1,1
DA:2,1
DA:3,1
DA:5,1
DA:6,1
DA:7,1
DA:8,1
DA:9,1
DA:10,1
DA:11,1
DA:12,1
DA:14,1
LF:12
LH:12
BRF:0
BRH:0
end_of_record
TN:
SF:src\routes\categoryRoutes.js
FNF:0
FNH:0
DA:1,1
DA:2,1
DA:3,1
DA:5,1
DA:6,1
DA:7,1
DA:8,1
DA:9,1
DA:11,1
LF:9
LH:9
BRF:0
BRH:0
end_of_record
